<?xml version="1.0" encoding="UTF-8"?>
<testng-results skipped="0" failed="0" ignored="0" total="1" passed="1">
  <reporter-output>
  </reporter-output>
  <suite name="Default suite" duration-ms="22212" started-at="2020-04-26T10:31:41Z" finished-at="2020-04-26T10:32:04Z">
    <groups>
    </groups>
    <test name="Default test" duration-ms="22212" started-at="2020-04-26T10:31:41Z" finished-at="2020-04-26T10:32:04Z">
      <class name="testcases.TC_001LoginLogout">
        <test-method status="PASS" signature="beforeSuite()[pri:0, instance:testcases.TC_001LoginLogout@13a5fe33]" name="beforeSuite" is-config="true" duration-ms="1297" started-at="2020-04-26T10:31:40Z" finished-at="2020-04-26T10:31:41Z">
          <reporter-output>
          </reporter-output>
        </test-method> <!-- beforeSuite -->
        <test-method status="PASS" signature="setData()[pri:0, instance:testcases.TC_001LoginLogout@13a5fe33]" name="setData" is-config="true" duration-ms="0" started-at="2020-04-26T10:31:41Z" finished-at="2020-04-26T10:31:41Z">
          <reporter-output>
          </reporter-output>
        </test-method> <!-- setData -->
        <test-method status="PASS" signature="beforeClass()[pri:0, instance:testcases.TC_001LoginLogout@13a5fe33]" name="beforeClass" is-config="true" duration-ms="16" started-at="2020-04-26T10:31:41Z" finished-at="2020-04-26T10:31:41Z">
          <reporter-output>
          </reporter-output>
        </test-method> <!-- beforeClass -->
        <test-method status="PASS" signature="beforeMethod()[pri:0, instance:testcases.TC_001LoginLogout@13a5fe33]" name="beforeMethod" is-config="true" duration-ms="9128" started-at="2020-04-26T10:31:44Z" finished-at="2020-04-26T10:31:53Z">
          <reporter-output>
          </reporter-output>
        </test-method> <!-- beforeMethod -->
        <test-method status="PASS" signature="loginLogout(java.lang.String, java.lang.String)[pri:0, instance:testcases.TC_001LoginLogout@13a5fe33]" name="loginLogout" duration-ms="9855" started-at="2020-04-26T10:31:53Z" data-provider="fetchData" finished-at="2020-04-26T10:32:03Z">
          <params>
            <param index="0">
              <value>
                <![CDATA[DemoSalesManager]]>
              </value>
            </param>
            <param index="1">
              <value>
                <![CDATA[crmsfa]]>
              </value>
            </param>
          </params>
          <reporter-output>
          </reporter-output>
        </test-method> <!-- loginLogout -->
        <test-method status="PASS" signature="afterMethod()[pri:0, instance:testcases.TC_001LoginLogout@13a5fe33]" name="afterMethod" is-config="true" duration-ms="1051" started-at="2020-04-26T10:32:03Z" finished-at="2020-04-26T10:32:04Z">
          <reporter-output>
          </reporter-output>
        </test-method> <!-- afterMethod -->
        <test-method status="PASS" signature="afterTest()[pri:0, instance:testcases.TC_001LoginLogout@13a5fe33]" name="afterTest" is-config="true" duration-ms="1" started-at="2020-04-26T10:32:04Z" finished-at="2020-04-26T10:32:04Z">
          <reporter-output>
          </reporter-output>
        </test-method> <!-- afterTest -->
        <test-method status="PASS" signature="afterSuite()[pri:0, instance:testcases.TC_001LoginLogout@13a5fe33]" name="afterSuite" is-config="true" duration-ms="1190" started-at="2020-04-26T10:32:04Z" finished-at="2020-04-26T10:32:05Z">
          <reporter-output>
          </reporter-output>
        </test-method> <!-- afterSuite -->
      </class> <!-- testcases.TC_001LoginLogout -->
    </test> <!-- Default test -->
  </suite> <!-- Default suite -->
</testng-results>
